<?xml version="1.0" encoding="UTF-8"?>
<!-- Generated by org.testng.reporters.JUnitReportReporter -->
<testsuite hostname="DESKTOP-UAETRNU" failures="0" tests="1" name="com.hha.Testcases.Amazon_EndToEnd_Tc" time="10.710" errors="0" timestamp="2024-07-19T17:15:41 IST" skipped="0">
  <testcase classname="com.hha.Testcases.Amazon_EndToEnd_Tc" name="test1" time="10.710"/>
</testsuite> <!-- com.hha.Testcases.Amazon_EndToEnd_Tc -->
