<?xml version="1.0" encoding="UTF-8"?>
<!-- Generated by org.testng.reporters.JUnitReportReporter -->
<testsuite hostname="DESKTOP-UAETRNU" failures="0" tests="1" name="com.hha.Testcases.DatabaseTest" time="2.559" errors="0" timestamp="2024-07-21T09:21:19 IST" skipped="0">
  <testcase classname="com.hha.Testcases.DatabaseTest" name="test1" time="2.559"/>
</testsuite> <!-- com.hha.Testcases.DatabaseTest -->
